Started GET "/" for ::1 at 2019-04-09 14:07:39 +0200
Processing by Rails::WelcomeController#index as HTML
  Rendering /Users/brandonroberts/.rbenv/versions/2.6.2/lib/ruby/gems/2.6.0/gems/railties-5.2.3/lib/rails/templates/rails/welcome/index.html.erb
  Rendered /Users/brandonroberts/.rbenv/versions/2.6.2/lib/ruby/gems/2.6.0/gems/railties-5.2.3/lib/rails/templates/rails/welcome/index.html.erb (3.2ms)
Completed 200 OK in 17ms (Views: 8.5ms | ActiveRecord: 0.0ms)


Started GET "/v1/things" for ::1 at 2019-04-09 14:17:39 +0200
  
ActionController::RoutingError (uninitialized constant ApplicaitonController):
  
app/controllers/v1/things_controller.rb:1:in `<main>'
Started GET "/v1/things" for ::1 at 2019-04-09 14:17:54 +0200
  
ActionController::RoutingError (uninitialized constant ApplicaitonController):
  
app/controllers/v1/things_controller.rb:1:in `<main>'
Started GET "/v1/things" for ::1 at 2019-04-09 14:22:27 +0200
  
ActionController::RoutingError (uninitialized constant ApplicaitonController):
  
app/controllers/v1/things_controller.rb:1:in `<main>'
Started GET "/v1/things" for ::1 at 2019-04-09 14:22:59 +0200
Processing by V1::ThingsController#index as JSON
Completed 200 OK in 1ms (Views: 0.1ms | ActiveRecord: 0.0ms)


Started GET "/v1/things" for ::1 at 2019-04-09 14:25:21 +0200
Processing by V1::ThingsController#index as JSON
Completed 200 OK in 1ms (Views: 0.1ms | ActiveRecord: 0.0ms)


Started GET "/v1/things" for ::1 at 2019-04-09 14:25:22 +0200
Processing by V1::ThingsController#index as JSON
Completed 200 OK in 1ms (Views: 0.1ms | ActiveRecord: 0.0ms)


Started GET "/" for ::1 at 2019-04-09 14:47:52 +0200
Processing by StaticController#index as HTML
  Rendering static/index.html.erb within layouts/application
  Rendered static/index.html.erb within layouts/application (4.2ms)
Completed 200 OK in 1285ms (Views: 1283.2ms | ActiveRecord: 0.0ms)


Started GET "/" for ::1 at 2019-04-09 14:52:05 +0200
Processing by StaticController#index as HTML
  Rendering static/index.html.erb within layouts/application
  Rendered static/index.html.erb within layouts/application (2.5ms)
Completed 200 OK in 19ms (Views: 17.0ms | ActiveRecord: 0.0ms)


Started GET "/" for ::1 at 2019-04-09 14:56:00 +0200
Processing by StaticController#index as HTML
  Rendering static/index.html.erb within layouts/application
  Rendered static/index.html.erb within layouts/application (2.8ms)
Completed 200 OK in 21ms (Views: 19.9ms | ActiveRecord: 0.0ms)


Started GET "/" for ::1 at 2019-04-09 14:57:53 +0200
Processing by StaticController#index as HTML
  Rendering static/index.html.erb within layouts/application
  Rendered static/index.html.erb within layouts/application (2.2ms)
Completed 200 OK in 17ms (Views: 15.4ms | ActiveRecord: 0.0ms)


Started GET "/" for ::1 at 2019-04-09 14:58:04 +0200
Processing by StaticController#index as HTML
  Rendering static/index.html.erb within layouts/application
  Rendered static/index.html.erb within layouts/application (2.0ms)
Completed 200 OK in 13ms (Views: 12.4ms | ActiveRecord: 0.0ms)


Started GET "/" for ::1 at 2019-04-09 15:02:50 +0200
Processing by StaticController#index as HTML
  Rendering static/index.html.erb within layouts/application
  Rendered static/index.html.erb within layouts/application (2.6ms)
Completed 200 OK in 20ms (Views: 18.2ms | ActiveRecord: 0.0ms)


Started GET "/hello" for ::1 at 2019-04-09 15:02:58 +0200
  
NoMethodError (undefined method `hxr?' for #<ActionDispatch::Request:0x00007fecdab5d1e0>
Did you mean?  xhr?):
  
config/routes.rb:6:in `block (2 levels) in <main>'
Started GET "/hello" for ::1 at 2019-04-09 15:03:22 +0200
Processing by StaticController#index as HTML
  Parameters: {"page"=>"hello"}
  Rendering static/index.html.erb within layouts/application
  Rendered static/index.html.erb within layouts/application (2.1ms)
Completed 200 OK in 16ms (Views: 14.7ms | ActiveRecord: 0.0ms)


Started GET "/hello" for ::1 at 2019-04-09 15:13:48 +0200
Processing by StaticController#index as HTML
  Parameters: {"page"=>"hello"}
  Rendering static/index.html.erb within layouts/application
  Rendered static/index.html.erb within layouts/application (4.6ms)
Completed 200 OK in 38ms (Views: 34.1ms | ActiveRecord: 0.0ms)


Started GET "/hello" for ::1 at 2019-04-09 15:14:36 +0200
Processing by StaticController#index as HTML
  Parameters: {"page"=>"hello"}
  Rendering static/index.html.erb within layouts/application
  Rendered static/index.html.erb within layouts/application (2.4ms)
Completed 200 OK in 75ms (Views: 17.7ms | ActiveRecord: 0.0ms)


Started GET "/hello" for ::1 at 2019-04-09 15:15:32 +0200
Processing by StaticController#index as HTML
  Parameters: {"page"=>"hello"}
  Rendering static/index.html.erb within layouts/application
  Rendered static/index.html.erb within layouts/application (2.1ms)
Completed 200 OK in 16ms (Views: 14.2ms | ActiveRecord: 0.0ms)


Started GET "/hello" for ::1 at 2019-04-09 15:15:35 +0200
Processing by StaticController#index as HTML
  Parameters: {"page"=>"hello"}
  Rendering static/index.html.erb within layouts/application
  Rendered static/index.html.erb within layouts/application (2.0ms)
Completed 200 OK in 12ms (Views: 11.2ms | ActiveRecord: 0.0ms)


Started GET "/hello" for ::1 at 2019-04-09 15:15:46 +0200
Processing by StaticController#index as HTML
  Parameters: {"page"=>"hello"}
  Rendering static/index.html.erb within layouts/application
  Rendered static/index.html.erb within layouts/application (2.5ms)
Completed 200 OK in 14ms (Views: 13.4ms | ActiveRecord: 0.0ms)


Started GET "/hello" for ::1 at 2019-04-09 15:15:54 +0200
Processing by StaticController#index as HTML
  Parameters: {"page"=>"hello"}
  Rendering static/index.html.erb within layouts/application
  Rendered static/index.html.erb within layouts/application (2.1ms)
Completed 200 OK in 13ms (Views: 11.9ms | ActiveRecord: 0.0ms)


Started GET "/hello" for ::1 at 2019-04-09 15:16:28 +0200
Processing by StaticController#index as HTML
  Parameters: {"page"=>"hello"}
  Rendering static/index.html.erb within layouts/application
  Rendered static/index.html.erb within layouts/application (2.1ms)
Completed 200 OK in 17ms (Views: 15.5ms | ActiveRecord: 0.0ms)


Started GET "/hello" for ::1 at 2019-04-09 15:22:17 +0200
Processing by StaticController#index as HTML
  Parameters: {"page"=>"hello"}
  Rendering static/index.html.erb within layouts/application
  Rendered static/index.html.erb within layouts/application (4.3ms)
Completed 200 OK in 39ms (Views: 36.0ms | ActiveRecord: 0.0ms)


Started GET "/hello" for ::1 at 2019-04-09 15:24:10 +0200
Processing by StaticController#index as HTML
  Parameters: {"page"=>"hello"}
  Rendering static/index.html.erb within layouts/application
  Rendered static/index.html.erb within layouts/application (2.4ms)
Completed 200 OK in 21ms (Views: 19.5ms | ActiveRecord: 0.0ms)


Started GET "/hello" for ::1 at 2019-04-09 15:25:21 +0200
Processing by StaticController#index as HTML
  Parameters: {"page"=>"hello"}
  Rendering static/index.html.erb within layouts/application
  Rendered static/index.html.erb within layouts/application (2.7ms)
Completed 200 OK in 20ms (Views: 18.9ms | ActiveRecord: 0.0ms)


Started GET "/hello" for ::1 at 2019-04-09 15:27:23 +0200
Processing by StaticController#index as HTML
  Parameters: {"page"=>"hello"}
  Rendering static/index.html.erb within layouts/application
  Rendered static/index.html.erb within layouts/application (2.9ms)
Completed 200 OK in 60ms (Views: 59.2ms | ActiveRecord: 0.0ms)


Started GET "/hello" for ::1 at 2019-04-09 15:27:27 +0200
Processing by StaticController#index as HTML
  Parameters: {"page"=>"hello"}
  Rendering static/index.html.erb within layouts/application
  Rendered static/index.html.erb within layouts/application (2.0ms)
Completed 200 OK in 13ms (Views: 11.8ms | ActiveRecord: 0.0ms)


Started GET "/" for ::1 at 2019-04-09 15:28:23 +0200
Processing by StaticController#index as HTML
  Rendering static/index.html.erb within layouts/application
  Rendered static/index.html.erb within layouts/application (2.2ms)
Completed 200 OK in 13ms (Views: 12.1ms | ActiveRecord: 0.0ms)


Started GET "/" for ::1 at 2019-04-09 15:29:03 +0200
Processing by StaticController#index as HTML
  Rendering static/index.html.erb within layouts/application
  Rendered static/index.html.erb within layouts/application (2.0ms)
Completed 200 OK in 17ms (Views: 15.9ms | ActiveRecord: 0.0ms)


Started GET "/" for ::1 at 2019-04-09 15:29:08 +0200
Processing by StaticController#index as HTML
  Rendering static/index.html.erb within layouts/application
  Rendered static/index.html.erb within layouts/application (2.0ms)
Completed 200 OK in 13ms (Views: 11.7ms | ActiveRecord: 0.0ms)


Started GET "/" for ::1 at 2019-04-09 15:29:12 +0200
Processing by StaticController#index as HTML
  Rendering static/index.html.erb within layouts/application
  Rendered static/index.html.erb within layouts/application (2.0ms)
Completed 200 OK in 13ms (Views: 12.4ms | ActiveRecord: 0.0ms)


Started GET "/" for ::1 at 2019-04-09 15:29:16 +0200
Processing by StaticController#index as HTML
  Rendering static/index.html.erb within layouts/application
  Rendered static/index.html.erb within layouts/application (2.4ms)
Completed 200 OK in 30ms (Views: 29.3ms | ActiveRecord: 0.0ms)


Started GET "/hello" for ::1 at 2019-04-09 15:29:21 +0200
Processing by StaticController#index as HTML
  Parameters: {"page"=>"hello"}
  Rendering static/index.html.erb within layouts/application
  Rendered static/index.html.erb within layouts/application (2.2ms)
Completed 200 OK in 13ms (Views: 11.8ms | ActiveRecord: 0.0ms)


Started GET "/hello" for ::1 at 2019-04-09 15:29:48 +0200
Processing by StaticController#index as HTML
  Parameters: {"page"=>"hello"}
  Rendering static/index.html.erb within layouts/application
  Rendered static/index.html.erb within layouts/application (3.2ms)
Completed 200 OK in 19ms (Views: 16.8ms | ActiveRecord: 0.0ms)


Started GET "/hello" for ::1 at 2019-04-09 15:31:11 +0200
Processing by StaticController#index as HTML
  Parameters: {"page"=>"hello"}
  Rendering static/index.html.erb within layouts/application
  Rendered static/index.html.erb within layouts/application (2.3ms)
Completed 200 OK in 17ms (Views: 15.4ms | ActiveRecord: 0.0ms)


Started GET "/hello" for ::1 at 2019-04-09 15:31:13 +0200
Processing by StaticController#index as HTML
  Parameters: {"page"=>"hello"}
  Rendering static/index.html.erb within layouts/application
  Rendered static/index.html.erb within layouts/application (2.7ms)
Completed 200 OK in 14ms (Views: 12.7ms | ActiveRecord: 0.0ms)


Started GET "/hello" for ::1 at 2019-04-09 15:33:18 +0200
Processing by StaticController#index as HTML
  Parameters: {"page"=>"hello"}
  Rendering static/index.html.erb within layouts/application
  Rendered static/index.html.erb within layouts/application (3.0ms)
Completed 200 OK in 29ms (Views: 27.0ms | ActiveRecord: 0.0ms)


Started GET "/hello" for ::1 at 2019-04-09 15:35:13 +0200
Processing by StaticController#index as HTML
  Parameters: {"page"=>"hello"}
  Rendering static/index.html.erb within layouts/application
  Rendered static/index.html.erb within layouts/application (1.9ms)
Completed 200 OK in 11ms (Views: 10.6ms | ActiveRecord: 0.0ms)


Started GET "/hello" for ::1 at 2019-04-09 15:37:46 +0200
Processing by StaticController#index as HTML
  Parameters: {"page"=>"hello"}
  Rendering static/index.html.erb within layouts/application
  Rendered static/index.html.erb within layouts/application (2.0ms)
Completed 200 OK in 16ms (Views: 14.6ms | ActiveRecord: 0.0ms)


Started GET "/hello" for ::1 at 2019-04-09 15:40:28 +0200
Processing by StaticController#index as HTML
  Parameters: {"page"=>"hello"}
  Rendering static/index.html.erb within layouts/application
  Rendered static/index.html.erb within layouts/application (2.7ms)
Completed 200 OK in 27ms (Views: 26.1ms | ActiveRecord: 0.0ms)


Started GET "/hello" for ::1 at 2019-04-09 15:46:56 +0200
Processing by StaticController#index as HTML
  Parameters: {"page"=>"hello"}
  Rendering static/index.html.erb within layouts/application
  Rendered static/index.html.erb within layouts/application (5.7ms)
Completed 200 OK in 41ms (Views: 36.7ms | ActiveRecord: 0.0ms)


Started GET "/hello" for ::1 at 2019-04-09 15:47:07 +0200
Processing by StaticController#index as HTML
  Parameters: {"page"=>"hello"}
  Rendering static/index.html.erb within layouts/application
  Rendered static/index.html.erb within layouts/application (2.7ms)
Completed 200 OK in 53ms (Views: 51.5ms | ActiveRecord: 0.0ms)


Started GET "/hello" for ::1 at 2019-04-09 15:47:16 +0200
Processing by StaticController#index as HTML
  Parameters: {"page"=>"hello"}
  Rendering static/index.html.erb within layouts/application
  Rendered static/index.html.erb within layouts/application (1.8ms)
Completed 200 OK in 11ms (Views: 10.0ms | ActiveRecord: 0.0ms)


Started GET "/hello" for ::1 at 2019-04-09 15:47:19 +0200
Processing by StaticController#index as HTML
  Parameters: {"page"=>"hello"}
  Rendering static/index.html.erb within layouts/application
  Rendered static/index.html.erb within layouts/application (1.9ms)
Completed 200 OK in 12ms (Views: 11.3ms | ActiveRecord: 0.0ms)


Started GET "/hello" for ::1 at 2019-04-09 15:48:37 +0200
Processing by StaticController#index as HTML
  Parameters: {"page"=>"hello"}
  Rendering static/index.html.erb within layouts/application
  Rendered static/index.html.erb within layouts/application (4.1ms)
Completed 200 OK in 37ms (Views: 33.5ms | ActiveRecord: 0.0ms)


Started GET "/hello" for ::1 at 2019-04-09 15:48:57 +0200
Processing by StaticController#index as HTML
  Parameters: {"page"=>"hello"}
  Rendering static/index.html.erb within layouts/application
  Rendered static/index.html.erb within layouts/application (2.3ms)
Completed 200 OK in 16ms (Views: 14.2ms | ActiveRecord: 0.0ms)


Started GET "/hello" for ::1 at 2019-04-09 15:52:25 +0200
Processing by StaticController#index as HTML
  Parameters: {"page"=>"hello"}
  Rendering static/index.html.erb within layouts/application
  Rendered static/index.html.erb within layouts/application (2.3ms)
Completed 200 OK in 28ms (Views: 26.2ms | ActiveRecord: 0.0ms)


Started GET "/hello" for ::1 at 2019-04-09 15:52:31 +0200
Processing by StaticController#index as HTML
  Parameters: {"page"=>"hello"}
  Rendering static/index.html.erb within layouts/application
  Rendered static/index.html.erb within layouts/application (2.2ms)
Completed 200 OK in 13ms (Views: 12.2ms | ActiveRecord: 0.0ms)


Started GET "/hello" for ::1 at 2019-04-09 15:53:09 +0200
Processing by StaticController#index as HTML
  Parameters: {"page"=>"hello"}
  Rendering static/index.html.erb within layouts/application
  Rendered static/index.html.erb within layouts/application (2.1ms)
Completed 200 OK in 18ms (Views: 16.3ms | ActiveRecord: 0.0ms)


Started GET "/hello" for ::1 at 2019-04-09 15:56:04 +0200
Processing by StaticController#index as HTML
  Parameters: {"page"=>"hello"}
  Rendering static/index.html.erb within layouts/application
  Rendered static/index.html.erb within layouts/application (3.1ms)
Completed 200 OK in 20ms (Views: 17.3ms | ActiveRecord: 0.0ms)


Started GET "/hello" for ::1 at 2019-04-09 16:00:02 +0200
Processing by StaticController#index as HTML
  Parameters: {"page"=>"hello"}
  Rendering static/index.html.erb within layouts/application
  Rendered static/index.html.erb within layouts/application (2.2ms)
Completed 200 OK in 32ms (Views: 30.2ms | ActiveRecord: 0.0ms)


Started GET "/hello" for ::1 at 2019-04-09 16:01:53 +0200
Processing by StaticController#index as HTML
  Parameters: {"page"=>"hello"}
  Rendering static/index.html.erb within layouts/application
  Rendered static/index.html.erb within layouts/application (2.4ms)
Completed 200 OK in 16ms (Views: 14.6ms | ActiveRecord: 0.0ms)


Started GET "/hello" for ::1 at 2019-04-09 16:01:57 +0200
Processing by StaticController#index as HTML
  Parameters: {"page"=>"hello"}
  Rendering static/index.html.erb within layouts/application
  Rendered static/index.html.erb within layouts/application (1.8ms)
Completed 200 OK in 11ms (Views: 10.4ms | ActiveRecord: 0.0ms)


Started GET "/hello" for ::1 at 2019-04-09 16:03:34 +0200
Processing by StaticController#index as HTML
  Parameters: {"page"=>"hello"}
  Rendering static/index.html.erb within layouts/application
  Rendered static/index.html.erb within layouts/application (2.2ms)
Completed 200 OK in 12ms (Views: 11.1ms | ActiveRecord: 0.0ms)


Started GET "/hello" for ::1 at 2019-04-09 16:04:43 +0200
Processing by StaticController#index as HTML
  Parameters: {"page"=>"hello"}
  Rendering static/index.html.erb within layouts/application
  Rendered static/index.html.erb within layouts/application (1.9ms)
Completed 200 OK in 12ms (Views: 10.8ms | ActiveRecord: 0.0ms)


Started GET "/hello" for ::1 at 2019-04-09 16:04:47 +0200
Processing by StaticController#index as HTML
  Parameters: {"page"=>"hello"}
  Rendering static/index.html.erb within layouts/application
  Rendered static/index.html.erb within layouts/application (2.0ms)
Completed 200 OK in 14ms (Views: 13.0ms | ActiveRecord: 0.0ms)


Started GET "/hello" for ::1 at 2019-04-09 16:05:11 +0200
Processing by StaticController#index as HTML
  Parameters: {"page"=>"hello"}
  Rendering static/index.html.erb within layouts/application
  Rendered static/index.html.erb within layouts/application (1.8ms)
Completed 200 OK in 12ms (Views: 11.0ms | ActiveRecord: 0.0ms)


Started GET "/hello" for ::1 at 2019-04-09 16:06:26 +0200
Processing by StaticController#index as HTML
  Parameters: {"page"=>"hello"}
  Rendering static/index.html.erb within layouts/application
  Rendered static/index.html.erb within layouts/application (2.5ms)
Completed 200 OK in 18ms (Views: 16.3ms | ActiveRecord: 0.0ms)


Started GET "/hello" for ::1 at 2019-04-09 16:08:31 +0200
Processing by StaticController#index as HTML
  Parameters: {"page"=>"hello"}
  Rendering static/index.html.erb within layouts/application
  Rendered static/index.html.erb within layouts/application (2.4ms)
Completed 200 OK in 18ms (Views: 16.4ms | ActiveRecord: 0.0ms)


Started GET "/hello" for ::1 at 2019-04-09 16:10:59 +0200
Processing by StaticController#index as HTML
  Parameters: {"page"=>"hello"}
  Rendering static/index.html.erb within layouts/application
  Rendered static/index.html.erb within layouts/application (3.2ms)
Completed 200 OK in 27ms (Views: 25.6ms | ActiveRecord: 0.0ms)


Started GET "/hello" for ::1 at 2019-04-09 16:11:41 +0200
Processing by StaticController#index as HTML
  Parameters: {"page"=>"hello"}
  Rendering static/index.html.erb within layouts/application
  Rendered static/index.html.erb within layouts/application (3.1ms)
Completed 200 OK in 30ms (Views: 27.7ms | ActiveRecord: 0.0ms)


Started GET "/hello" for ::1 at 2019-04-09 16:12:13 +0200
Processing by StaticController#index as HTML
  Parameters: {"page"=>"hello"}
  Rendering static/index.html.erb within layouts/application
  Rendered static/index.html.erb within layouts/application (2.6ms)
Completed 200 OK in 21ms (Views: 18.6ms | ActiveRecord: 0.0ms)


Started GET "/hello" for ::1 at 2019-04-09 16:13:36 +0200
Processing by StaticController#index as HTML
  Parameters: {"page"=>"hello"}
  Rendering static/index.html.erb within layouts/application
  Rendered static/index.html.erb within layouts/application (1.8ms)
Completed 200 OK in 16ms (Views: 14.9ms | ActiveRecord: 0.0ms)


Started GET "/hello" for ::1 at 2019-04-09 16:16:22 +0200
Processing by StaticController#index as HTML
  Parameters: {"page"=>"hello"}
  Rendering static/index.html.erb within layouts/application
  Rendered static/index.html.erb within layouts/application (2.0ms)
Completed 200 OK in 17ms (Views: 15.6ms | ActiveRecord: 0.0ms)


Started GET "/hello" for ::1 at 2019-04-09 16:20:11 +0200
Processing by StaticController#index as HTML
  Parameters: {"page"=>"hello"}
  Rendering static/index.html.erb within layouts/application
  Rendered static/index.html.erb within layouts/application (4.3ms)
Completed 200 OK in 40ms (Views: 38.6ms | ActiveRecord: 0.0ms)


Started GET "/hello" for ::1 at 2019-04-09 16:22:27 +0200
Processing by StaticController#index as HTML
  Parameters: {"page"=>"hello"}
  Rendering static/index.html.erb within layouts/application
  Rendered static/index.html.erb within layouts/application (4.2ms)
Completed 200 OK in 25ms (Views: 23.2ms | ActiveRecord: 0.0ms)


Started GET "/hello" for ::1 at 2019-04-09 16:23:26 +0200
Processing by StaticController#index as HTML
  Parameters: {"page"=>"hello"}
  Rendering static/index.html.erb within layouts/application
  Rendered static/index.html.erb within layouts/application (3.2ms)
Completed 200 OK in 18ms (Views: 16.2ms | ActiveRecord: 0.0ms)


Started GET "/hello" for ::1 at 2019-04-09 16:23:37 +0200
Processing by StaticController#index as HTML
  Parameters: {"page"=>"hello"}
  Rendering static/index.html.erb within layouts/application
  Rendered static/index.html.erb within layouts/application (2.2ms)
Completed 200 OK in 12ms (Views: 11.2ms | ActiveRecord: 0.0ms)


Started GET "/hello" for ::1 at 2019-04-09 16:23:46 +0200
Processing by StaticController#index as HTML
  Parameters: {"page"=>"hello"}
  Rendering static/index.html.erb within layouts/application
  Rendered static/index.html.erb within layouts/application (2.5ms)
Completed 200 OK in 15ms (Views: 13.9ms | ActiveRecord: 0.0ms)


Started GET "/hello" for ::1 at 2019-04-09 16:25:01 +0200
Processing by StaticController#index as HTML
  Parameters: {"page"=>"hello"}
  Rendering static/index.html.erb within layouts/application
  Rendered static/index.html.erb within layouts/application (2.1ms)
Completed 200 OK in 13ms (Views: 12.1ms | ActiveRecord: 0.0ms)


Started GET "/hello" for ::1 at 2019-04-09 16:25:19 +0200
Processing by StaticController#index as HTML
  Parameters: {"page"=>"hello"}
  Rendering static/index.html.erb within layouts/application
  Rendered static/index.html.erb within layouts/application (2.2ms)
Completed 200 OK in 17ms (Views: 15.8ms | ActiveRecord: 0.0ms)


Started GET "/hello" for ::1 at 2019-04-09 16:25:22 +0200
Processing by StaticController#index as HTML
  Parameters: {"page"=>"hello"}
  Rendering static/index.html.erb within layouts/application
  Rendered static/index.html.erb within layouts/application (2.1ms)
Completed 200 OK in 13ms (Views: 12.3ms | ActiveRecord: 0.0ms)


Started GET "/hello" for ::1 at 2019-04-09 16:25:29 +0200
Processing by StaticController#index as HTML
  Parameters: {"page"=>"hello"}
  Rendering static/index.html.erb within layouts/application
  Rendered static/index.html.erb within layouts/application (2.3ms)
Completed 200 OK in 16ms (Views: 14.6ms | ActiveRecord: 0.0ms)


Started GET "/hello" for ::1 at 2019-04-09 16:25:47 +0200
Processing by StaticController#index as HTML
  Parameters: {"page"=>"hello"}
  Rendering static/index.html.erb within layouts/application
  Rendered static/index.html.erb within layouts/application (1.8ms)
Completed 200 OK in 12ms (Views: 11.2ms | ActiveRecord: 0.0ms)


Started GET "/hello" for ::1 at 2019-04-09 16:26:22 +0200
Processing by StaticController#index as HTML
  Parameters: {"page"=>"hello"}
  Rendering static/index.html.erb within layouts/application
  Rendered static/index.html.erb within layouts/application (2.5ms)
Completed 200 OK in 16ms (Views: 15.1ms | ActiveRecord: 0.0ms)


Started GET "/hello" for ::1 at 2019-04-09 16:26:35 +0200
Processing by StaticController#index as HTML
  Parameters: {"page"=>"hello"}
  Rendering static/index.html.erb within layouts/application
  Rendered static/index.html.erb within layouts/application (2.2ms)
Completed 200 OK in 11ms (Views: 10.8ms | ActiveRecord: 0.0ms)


Started GET "/hello" for ::1 at 2019-04-09 16:26:45 +0200
Processing by StaticController#index as HTML
  Parameters: {"page"=>"hello"}
  Rendering static/index.html.erb within layouts/application
  Rendered static/index.html.erb within layouts/application (3.0ms)
Completed 200 OK in 15ms (Views: 13.5ms | ActiveRecord: 0.0ms)


Started GET "/v1/things.json" for ::1 at 2019-04-09 16:26:48 +0200
Processing by V1::ThingsController#index as JSON
Completed 200 OK in 1ms (Views: 0.1ms | ActiveRecord: 0.0ms)


Started GET "/v1/things.json" for ::1 at 2019-04-09 16:26:50 +0200
Processing by V1::ThingsController#index as JSON
Completed 200 OK in 1ms (Views: 0.1ms | ActiveRecord: 0.0ms)


Started GET "/v1/things.json" for ::1 at 2019-04-09 16:26:51 +0200
Processing by V1::ThingsController#index as JSON
Completed 200 OK in 1ms (Views: 0.1ms | ActiveRecord: 0.0ms)


Started GET "/v1/things.json" for ::1 at 2019-04-09 16:26:51 +0200
Processing by V1::ThingsController#index as JSON
Completed 200 OK in 1ms (Views: 0.1ms | ActiveRecord: 0.0ms)


Started GET "/v1/things.json" for ::1 at 2019-04-09 16:26:52 +0200
Processing by V1::ThingsController#index as JSON
Completed 200 OK in 1ms (Views: 0.1ms | ActiveRecord: 0.0ms)


Started GET "/v1/things.json" for ::1 at 2019-04-09 16:26:53 +0200
Processing by V1::ThingsController#index as JSON
Completed 200 OK in 1ms (Views: 0.1ms | ActiveRecord: 0.0ms)


Started GET "/hello" for ::1 at 2019-04-09 16:27:11 +0200
Processing by StaticController#index as HTML
  Parameters: {"page"=>"hello"}
  Rendering static/index.html.erb within layouts/application
  Rendered static/index.html.erb within layouts/application (3.0ms)
Completed 200 OK in 18ms (Views: 16.8ms | ActiveRecord: 0.0ms)


Started GET "/v1/things.json" for ::1 at 2019-04-09 16:27:12 +0200
Processing by V1::ThingsController#index as JSON
Completed 200 OK in 1ms (Views: 0.1ms | ActiveRecord: 0.0ms)


Started GET "/v1/things.json" for ::1 at 2019-04-09 16:27:13 +0200
Processing by V1::ThingsController#index as JSON
Completed 200 OK in 1ms (Views: 0.1ms | ActiveRecord: 0.0ms)


Started GET "/hello" for ::1 at 2019-04-09 16:28:14 +0200
Processing by StaticController#index as HTML
  Parameters: {"page"=>"hello"}
  Rendering static/index.html.erb within layouts/application
  Rendered static/index.html.erb within layouts/application (2.2ms)
Completed 200 OK in 13ms (Views: 12.0ms | ActiveRecord: 0.0ms)


Started GET "/v1/things.json" for ::1 at 2019-04-09 16:28:15 +0200
Processing by V1::ThingsController#index as JSON
Completed 200 OK in 1ms (Views: 0.1ms | ActiveRecord: 0.0ms)


Started GET "/hello" for ::1 at 2019-04-09 16:31:10 +0200
Processing by StaticController#index as HTML
  Parameters: {"page"=>"hello"}
  Rendering static/index.html.erb within layouts/application
  Rendered static/index.html.erb within layouts/application (5.9ms)
Completed 200 OK in 43ms (Views: 37.7ms | ActiveRecord: 0.0ms)


Started GET "/hello" for ::1 at 2019-04-09 16:31:18 +0200
Processing by StaticController#index as HTML
  Parameters: {"page"=>"hello"}
  Rendering static/index.html.erb within layouts/application
  Rendered static/index.html.erb within layouts/application (2.6ms)
Completed 200 OK in 16ms (Views: 14.7ms | ActiveRecord: 0.0ms)


Started GET "/hello" for ::1 at 2019-04-09 16:31:34 +0200
Processing by StaticController#index as HTML
  Parameters: {"page"=>"hello"}
  Rendering static/index.html.erb within layouts/application
  Rendered static/index.html.erb within layouts/application (1.8ms)
Completed 200 OK in 12ms (Views: 10.9ms | ActiveRecord: 0.0ms)


Started GET "/hello" for ::1 at 2019-04-09 16:31:44 +0200
Processing by StaticController#index as HTML
  Parameters: {"page"=>"hello"}
  Rendering static/index.html.erb within layouts/application
  Rendered static/index.html.erb within layouts/application (2.0ms)
Completed 200 OK in 14ms (Views: 12.8ms | ActiveRecord: 0.0ms)


Started GET "/hello" for ::1 at 2019-04-09 16:32:33 +0200
Processing by StaticController#index as HTML
  Parameters: {"page"=>"hello"}
  Rendering static/index.html.erb within layouts/application
  Rendered static/index.html.erb within layouts/application (2.0ms)
Completed 200 OK in 17ms (Views: 15.5ms | ActiveRecord: 0.0ms)


Started GET "/hello" for ::1 at 2019-04-09 16:33:14 +0200
Processing by StaticController#index as HTML
  Parameters: {"page"=>"hello"}
  Rendering static/index.html.erb within layouts/application
  Rendered static/index.html.erb within layouts/application (2.2ms)
Completed 200 OK in 12ms (Views: 10.7ms | ActiveRecord: 0.0ms)


Started GET "/hello" for ::1 at 2019-04-09 16:33:24 +0200
Processing by StaticController#index as HTML
  Parameters: {"page"=>"hello"}
  Rendering static/index.html.erb within layouts/application
  Rendered static/index.html.erb within layouts/application (2.1ms)
Completed 200 OK in 14ms (Views: 13.2ms | ActiveRecord: 0.0ms)


Started GET "/hello" for ::1 at 2019-04-09 16:33:35 +0200
Processing by StaticController#index as HTML
  Parameters: {"page"=>"hello"}
  Rendering static/index.html.erb within layouts/application
  Rendered static/index.html.erb within layouts/application (2.1ms)
Completed 200 OK in 30ms (Views: 29.0ms | ActiveRecord: 0.0ms)


Started GET "/hello" for ::1 at 2019-04-09 16:33:47 +0200
Processing by StaticController#index as HTML
  Parameters: {"page"=>"hello"}
  Rendering static/index.html.erb within layouts/application
  Rendered static/index.html.erb within layouts/application (2.4ms)
Completed 200 OK in 13ms (Views: 12.4ms | ActiveRecord: 0.0ms)


Started GET "/hello" for ::1 at 2019-04-09 16:33:59 +0200
Processing by StaticController#index as HTML
  Parameters: {"page"=>"hello"}
  Rendering static/index.html.erb within layouts/application
  Rendered static/index.html.erb within layouts/application (1.9ms)
Completed 200 OK in 11ms (Views: 10.3ms | ActiveRecord: 0.0ms)


Started GET "/hello" for ::1 at 2019-04-09 16:34:09 +0200
Processing by StaticController#index as HTML
  Parameters: {"page"=>"hello"}
  Rendering static/index.html.erb within layouts/application
  Rendered static/index.html.erb within layouts/application (2.0ms)
Completed 200 OK in 13ms (Views: 12.7ms | ActiveRecord: 0.0ms)


Started GET "/v1/things.json" for ::1 at 2019-04-09 16:34:16 +0200
Processing by V1::ThingsController#index as JSON
Completed 200 OK in 1ms (Views: 0.1ms | ActiveRecord: 0.0ms)


Started GET "/hello" for ::1 at 2019-04-09 16:34:47 +0200
Processing by StaticController#index as HTML
  Parameters: {"page"=>"hello"}
  Rendering static/index.html.erb within layouts/application
  Rendered static/index.html.erb within layouts/application (2.9ms)
Completed 200 OK in 23ms (Views: 21.8ms | ActiveRecord: 0.0ms)


Started GET "/hello" for ::1 at 2019-04-09 16:36:55 +0200
Processing by StaticController#index as HTML
  Parameters: {"page"=>"hello"}
  Rendering static/index.html.erb within layouts/application
[Webpacker] Compiling…
Started GET "/" for ::1 at 2019-04-09 16:37:00 +0200
Processing by StaticController#index as HTML
  Rendering static/index.html.erb within layouts/application
[Webpacker] Compiling…
[Webpacker] Compiled all packs in /Users/brandonroberts/Desktop/Rails-React/public/packs
  Rendered static/index.html.erb within layouts/application (6953.0ms)
[Webpacker] Compiled all packs in /Users/brandonroberts/Desktop/Rails-React/public/packs
  Rendered static/index.html.erb within layouts/application (3198.8ms)
Started GET "/" for ::1 at 2019-04-09 16:37:04 +0200
Processing by StaticController#index as HTML
  Rendering static/index.html.erb within layouts/application
  Rendered static/index.html.erb within layouts/application (9.4ms)
Completed 200 OK in 9843ms (Views: 9835.1ms | ActiveRecord: 0.0ms)


Completed 200 OK in 6373ms (Views: 6370.8ms | ActiveRecord: 0.0ms)


Completed 200 OK in 2727ms (Views: 2725.2ms | ActiveRecord: 0.0ms)


Started GET "/" for ::1 at 2019-04-09 16:37:13 +0200
Processing by StaticController#index as HTML
  Rendering static/index.html.erb within layouts/application
  Rendered static/index.html.erb within layouts/application (5.2ms)
Completed 200 OK in 20ms (Views: 18.2ms | ActiveRecord: 0.0ms)


Started GET "/hello" for ::1 at 2019-04-09 16:37:21 +0200
Processing by StaticController#index as HTML
  Parameters: {"page"=>"hello"}
  Rendering static/index.html.erb within layouts/application
  Rendered static/index.html.erb within layouts/application (5.0ms)
Completed 200 OK in 22ms (Views: 21.4ms | ActiveRecord: 0.0ms)


Started GET "/v1/things.json" for ::1 at 2019-04-09 16:37:23 +0200
Processing by V1::ThingsController#index as JSON
Completed 200 OK in 1ms (Views: 0.1ms | ActiveRecord: 0.0ms)


